<?xml version="1.0" encoding="UTF-8" ?>
<testsuite tests="27" failures="0" name="br.com.contmatic.empresa.empresa.ContatoTest" time="0.009" errors="0" skipped="0">
  <properties>
[...]
</properties>
  <testcase classname="br.com.contmatic.empresa.empresa.ContatoTest" name="testE_nao_deve_settar_contato_com_celular_nulo" time="0"/>
  <testcase classname="br.com.contmatic.empresa.empresa.ContatoTest" name="testA_deve_criar_o_contato_com_celular_e_email_valido" time="0"/>
  <testcase classname="br.com.contmatic.empresa.empresa.ContatoTest" name="testE_nao_deve_criar_contato_com_celular_nulo" time="0"/>
  <testcase classname="br.com.contmatic.empresa.empresa.ContatoTest" name="testQ_deve_verificar_se_contato_possui_todos_os_atributos_corretamente" time="0"/>
  <testcase classname="br.com.contmatic.empresa.empresa.ContatoTest" name="testC_nao_deve_settar_contato_com_ddi_sem_ser_do_brasil" time="0"/>
  <testcase classname="br.com.contmatic.empresa.empresa.ContatoTest" name="testeI_nao_deve_criar_contato_com_email_nulo" time="0"/>
  <testcase classname="br.com.contmatic.empresa.empresa.ContatoTest" name="testB_nao_deve_criar_contato_com_celular_com_digitos_invalido" time="0"/>
  <testcase classname="br.com.contmatic.empresa.empresa.ContatoTest" name="testN_deve_retornar_igualdade_ao_comparar_objetos_com_os_mesmos_atributos" time="0"/>
  <testcase classname="br.com.contmatic.empresa.empresa.ContatoTest" name="testD_nao_deve_criar_contato_com_celular_vazio" time="0"/>
  <testcase classname="br.com.contmatic.empresa.empresa.ContatoTest" name="testF_nao_deve_criar_contato_com_letras_no_celular" time="0"/>
  <testcase classname="br.com.contmatic.empresa.empresa.ContatoTest" name="testL_deve_retornar_hashcode_diferente_para_contatos_diferentes" time="0"/>
  <testcase classname="br.com.contmatic.empresa.empresa.ContatoTest" name="testM_deve_retornar_igualdade_ao_comparar_o_mesmo_objeto" time="0"/>
  <testcase classname="br.com.contmatic.empresa.empresa.ContatoTest" name="testG_nao_deve_criar_contato_com_email_invalido" time="0"/>
  <testcase classname="br.com.contmatic.empresa.empresa.ContatoTest" name="testJ_deve_retornar_o_email" time="0"/>
  <testcase classname="br.com.contmatic.empresa.empresa.ContatoTest" name="testH_nao_deve_criar_contato_com_email_vazio" time="0"/>
  <testcase classname="br.com.contmatic.empresa.empresa.ContatoTest" name="testB_nao_deve_settar_contato_com_celular_com_digitos_invalidos" time="0"/>
  <testcase classname="br.com.contmatic.empresa.empresa.ContatoTest" name="testF_nao_deve_settar_contato_com_letras_no_celular" time="0"/>
  <testcase classname="br.com.contmatic.empresa.empresa.ContatoTest" name="testeI_nao_deve_settar_contato_com_email_nulo" time="0"/>
  <testcase classname="br.com.contmatic.empresa.empresa.ContatoTest" name="testC_nao_deve_criar_contato_com_ddi_sem_ser_do_brasil" time="0"/>
  <testcase classname="br.com.contmatic.empresa.empresa.ContatoTest" name="testO_deve_retornar_falso_ao_comparar_contato_com_objetos_de_classes_diferentes" time="0"/>
  <testcase classname="br.com.contmatic.empresa.empresa.ContatoTest" name="testD_nao_deve_settar_contato_com_celular_vazio" time="0"/>
  <testcase classname="br.com.contmatic.empresa.empresa.ContatoTest" name="testK_deve_retornar_o_telefone" time="0.001"/>
  <testcase classname="br.com.contmatic.empresa.empresa.ContatoTest" name="test_deve_settar_celular_valido" time="0.002"/>
  <testcase classname="br.com.contmatic.empresa.empresa.ContatoTest" name="testP_deve_retorna_falso_ao_comparar_contato_com_objetos_nulos" time="0.001"/>
  <testcase classname="br.com.contmatic.empresa.empresa.ContatoTest" name="testG_nao_deve_settar_contato_com_email_invalido" time="0.002"/>
  <testcase classname="br.com.contmatic.empresa.empresa.ContatoTest" name="testH_nao_deve_settar_contato_com_email_vazio" time="0.002"/>
  <testcase classname="br.com.contmatic.empresa.empresa.ContatoTest" name="test_deve_settar_novo_email_valido" time="0.001"/>
</testsuite>