<?xml version="1.0" encoding="UTF-8" ?>
<testsuite tests="40" failures="0" name="br.com.contmatic.empresa.empresa.DepartamentoTest" time="0.26" errors="0" skipped="0">
  <properties>
[...]
</properties>
  <testcase classname="br.com.contmatic.empresa.empresa.DepartamentoTest" name="test_deve_retornar_a_lista_de_funcionarios" time="0.183"/>
  <testcase classname="br.com.contmatic.empresa.empresa.DepartamentoTest" name="test_nao_deve_retornar_igualdade_ao_comparar_departamento_com_outra_classe" time="0.002"/>
  <testcase classname="br.com.contmatic.empresa.empresa.DepartamentoTest" name="test_nao_deve_criar_departamento_com_menos_de_5_caracteres_no_nome" time="0.002"/>
  <testcase classname="br.com.contmatic.empresa.empresa.DepartamentoTest" name="test_deve_settar_departamento_com_cod_departamento_aceitando_letras_e_numeros" time="0.002"/>
  <testcase classname="br.com.contmatic.empresa.empresa.DepartamentoTest" name="test_nao_deve_settar_nome_invalido_a_empresa_existente" time="0.002"/>
  <testcase classname="br.com.contmatic.empresa.empresa.DepartamentoTest" name="test_deve_retornar_igualdade_ao_comparar_o_departamento_com_o_mesmo" time="0.002"/>
  <testcase classname="br.com.contmatic.empresa.empresa.DepartamentoTest" name="test_nao_deve_settar_departamento_com_nome_vazio" time="0.002"/>
  <testcase classname="br.com.contmatic.empresa.empresa.DepartamentoTest" name="test_nao_deve_retornar_igualdade_ao_comparar_departamentos_diferentes" time="0.001"/>
  <testcase classname="br.com.contmatic.empresa.empresa.DepartamentoTest" name="test_deve_settar_nome_valido_a_empresa_existente" time="0.002"/>
  <testcase classname="br.com.contmatic.empresa.empresa.DepartamentoTest" name="test_nao_deve_settar_departamento_com_cod_departamento_nulo" time="0.002"/>
  <testcase classname="br.com.contmatic.empresa.empresa.DepartamentoTest" name="test_nao_deve_criar_departamento_com_cod_departamento_diferente_de_5_caracteres" time="0.002"/>
  <testcase classname="br.com.contmatic.empresa.empresa.DepartamentoTest" name="test_deve_criar_departamento_com_cod_departamento_valido" time="0.003"/>
  <testcase classname="br.com.contmatic.empresa.empresa.DepartamentoTest" name="test_deve_settar_cod_departamento_valido_a_departamento_existente" time="0.001"/>
  <testcase classname="br.com.contmatic.empresa.empresa.DepartamentoTest" name="test_deve_retornar_se_tostring_possui_todos_os_atributos" time="0.017"/>
  <testcase classname="br.com.contmatic.empresa.empresa.DepartamentoTest" name="test_nao_deve_settar_departamento_com_cod_departamento_diferente_de_5_caracteres" time="0.002"/>
  <testcase classname="br.com.contmatic.empresa.empresa.DepartamentoTest" name="test_nao_deve_settar_departamento_com_cod_departamento_possuindo_caracteres_especiais" time="0.002"/>
  <testcase classname="br.com.contmatic.empresa.empresa.DepartamentoTest" name="test_nao_deve_criar_departamento_com_mais_de_60_caracteres_no_nome" time="0.002"/>
  <testcase classname="br.com.contmatic.empresa.empresa.DepartamentoTest" name="test_nao_deve_settar_departamento_com_nome_nulo" time="0.003"/>
  <testcase classname="br.com.contmatic.empresa.empresa.DepartamentoTest" name="test_deve_criar_departamento_com_cod_departamento_aceitando_letras_e_numeros" time="0.001"/>
  <testcase classname="br.com.contmatic.empresa.empresa.DepartamentoTest" name="test_nao_deve_criar_departamento_com_cod_departamento_vazio" time="0.002"/>
  <testcase classname="br.com.contmatic.empresa.empresa.DepartamentoTest" name="test_deve_referenciar_empresa_a_qual_o_departamento_pertence" time="0.002"/>
  <testcase classname="br.com.contmatic.empresa.empresa.DepartamentoTest" name="test_nao_deve_criar_departamento_com_numeros_no_nome" time="0.002"/>
  <testcase classname="br.com.contmatic.empresa.empresa.DepartamentoTest" name="test_nao_deve_settar_cod_departamento_invalido_a_departamento_existente" time="0.001"/>
  <testcase classname="br.com.contmatic.empresa.empresa.DepartamentoTest" name="test_deve_criar_departamento_com_nome_valido" time="0.002"/>
  <testcase classname="br.com.contmatic.empresa.empresa.DepartamentoTest" name="test_nao_deve_retornar_igualdade_ao_comparar_departamento_com_um_valor_null" time="0.002"/>
  <testcase classname="br.com.contmatic.empresa.empresa.DepartamentoTest" name="test_nao_deve_criar_departamento_com_nome_vazio" time="0.002"/>
  <testcase classname="br.com.contmatic.empresa.empresa.DepartamentoTest" name="test_nao_deve_criar_departamento_com_cod_departamento_nulo" time="0.002"/>
  <testcase classname="br.com.contmatic.empresa.empresa.DepartamentoTest" name="test_nao_deve_settar_departamento_com_cod_departamento_vazio" time="0.001"/>
  <testcase classname="br.com.contmatic.empresa.empresa.DepartamentoTest" name="test_nao_deve_criar_departamento_com_cod_departamento_possuindo_caracteres_especiais" time="0.001"/>
  <testcase classname="br.com.contmatic.empresa.empresa.DepartamentoTest" name="test_nao_deve_settar_departamento_com_menos_de_5_caracteres_no_nome" time="0.001"/>
  <testcase classname="br.com.contmatic.empresa.empresa.DepartamentoTest" name="test_nao_deve_criar_departamento_com_nome_nulo" time="0.001"/>
  <testcase classname="br.com.contmatic.empresa.empresa.DepartamentoTest" name="test_nao_deve_referenciar_empresa_nula" time="0"/>
  <testcase classname="br.com.contmatic.empresa.empresa.DepartamentoTest" name="test_deve_retornar_a_empresa_qual_departamento_pertence" time="0.001"/>
  <testcase classname="br.com.contmatic.empresa.empresa.DepartamentoTest" name="test_nao_deve_settar_departamento_com_numeros_no_nome" time="0"/>
  <testcase classname="br.com.contmatic.empresa.empresa.DepartamentoTest" name="test_nao_deve_settar_departamento_com_cod_departamento_possuindo_espacos" time="0.003"/>
  <testcase classname="br.com.contmatic.empresa.empresa.DepartamentoTest" name="test_nao_deve_settar_um_valor_nulo_como_lista_de_funcionarios" time="0"/>
  <testcase classname="br.com.contmatic.empresa.empresa.DepartamentoTest" name="test_nao_deve_retornar_igualdade_ao_comparar_o_hashcode_de_departamentos_diferentes" time="0.001"/>
  <testcase classname="br.com.contmatic.empresa.empresa.DepartamentoTest" name="test_nao_deve_settar_uma_nova_lista_de_funcionarios_vazia" time="0.001"/>
  <testcase classname="br.com.contmatic.empresa.empresa.DepartamentoTest" name="test_nao_deve_settar_departamento_com_mais_de_60_caracteres_no_nome" time="0.001"/>
  <testcase classname="br.com.contmatic.empresa.empresa.DepartamentoTest" name="test_nao_deve_criar_departamento_com_cod_departamento_possuindo_espacos" time="0.001"/>
</testsuite>