<?xml version="1.0" encoding="UTF-8" ?>
<testsuite tests="49" failures="2" name="br.com.contmatic.empresa.empresa.EmpresaTest" time="0.035" errors="0" skipped="0">
  <properties>
[...]
</properties>
  <testcase classname="br.com.contmatic.empresa.empresa.EmpresaTest" name="test_nao_deve_criar_empresa_com_cnpj_invalido" time="0.001"/>
  <testcase classname="br.com.contmatic.empresa.empresa.EmpresaTest" name="test_nao_deve_settar_empresa_com_cnpj_com_mais_de_11_caracteres" time="0"/>
  <testcase classname="br.com.contmatic.empresa.empresa.EmpresaTest" name="test_deve_retornar_enderecos" time="0.001"/>
  <testcase classname="br.com.contmatic.empresa.empresa.EmpresaTest" name="test_nao_deve_retornar_igualdade_ao_comparar_empresa_com__null" time="0"/>
  <testcase classname="br.com.contmatic.empresa.empresa.EmpresaTest" name="test_nao_deve_criar_empresa_com_cnpj_nulo" time="0"/>
  <testcase classname="br.com.contmatic.empresa.empresa.EmpresaTest" name="test_deve_retornar_a_lista_de_departamento_adicionada" time="0"/>
  <testcase classname="br.com.contmatic.empresa.empresa.EmpresaTest" name="test_nao_deve_criar_empresa_com_cnpj_com_menos_de_11_caracteres" time="0"/>
  <testcase classname="br.com.contmatic.empresa.empresa.EmpresaTest" name="test_nao_deve_criar_empresa_com_razao_social_possindo_menos_de_5_caracteres" time="0.004"/>
  <testcase classname="br.com.contmatic.empresa.empresa.EmpresaTest" name="test_nao_deve_settar_empresa_com_cnpj_nulo" time="0"/>
  <testcase classname="br.com.contmatic.empresa.empresa.EmpresaTest" name="test_deve_criar_empresa_com_cnpj_valido" time="0"/>
  <testcase classname="br.com.contmatic.empresa.empresa.EmpresaTest" name="test_deve_retornar_igualdade_ao_comparar_empresa_com_a_mesma_empresa" time="0"/>
  <testcase classname="br.com.contmatic.empresa.empresa.EmpresaTest" name="test_nao_deve_settar_empresa_com_razao_social_nula" time="0"/>
  <testcase classname="br.com.contmatic.empresa.empresa.EmpresaTest" name="test_nao_deve_criar_empresa_com_cnpj_possundo_caracteres_invalidos" time="0"/>
  <testcase classname="br.com.contmatic.empresa.empresa.EmpresaTest" name="test_nao_deve_retornar_igualdade_ao_comparar_objetos_de_classes_diferentes" time="0"/>
  <testcase classname="br.com.contmatic.empresa.empresa.EmpresaTest" name="test_nao_deve_criar_empresa_com_razao_social_contendo_numeros" time="0.007">
    <failure message="Expected exception: java.lang.IllegalStateException" type="java.lang.AssertionError">java.lang.AssertionError: Expected exception: java.lang.IllegalStateException
	at org.junit.internal.runners.statements.ExpectException.evaluate(ExpectException.java:32)
	at org.junit.internal.runners.statements.RunBefores.evaluate(RunBefores.java:26)
	at org.junit.runners.ParentRunner.runLeaf(ParentRunner.java:325)
	at org.junit.runners.BlockJUnit4ClassRunner.runChild(BlockJUnit4ClassRunner.java:78)
	at org.junit.runners.BlockJUnit4ClassRunner.runChild(BlockJUnit4ClassRunner.java:57)
	at org.junit.runners.ParentRunner$3.run(ParentRunner.java:290)
	at org.junit.runners.ParentRunner$1.schedule(ParentRunner.java:71)
	at org.junit.runners.ParentRunner.runChildren(ParentRunner.java:288)
	at org.junit.runners.ParentRunner.access$000(ParentRunner.java:58)
	at org.junit.runners.ParentRunner$2.evaluate(ParentRunner.java:268)
	at org.junit.runners.ParentRunner.run(ParentRunner.java:363)
	at org.apache.maven.surefire.junit4.JUnit4Provider.execute(JUnit4Provider.java:252)
	at org.apache.maven.surefire.junit4.JUnit4Provider.executeTestSet(JUnit4Provider.java:141)
	at org.apache.maven.surefire.junit4.JUnit4Provider.invoke(JUnit4Provider.java:112)
	at java.base/jdk.internal.reflect.NativeMethodAccessorImpl.invoke0(Native Method)
	at java.base/jdk.internal.reflect.NativeMethodAccessorImpl.invoke(NativeMethodAccessorImpl.java:78)
	at java.base/jdk.internal.reflect.DelegatingMethodAccessorImpl.invoke(DelegatingMethodAccessorImpl.java:43)
	at java.base/java.lang.reflect.Method.invoke(Method.java:567)
	at org.apache.maven.surefire.util.ReflectionUtils.invokeMethodWithArray(ReflectionUtils.java:189)
	at org.apache.maven.surefire.booter.ProviderFactory$ProviderProxy.invoke(ProviderFactory.java:165)
	at org.apache.maven.surefire.booter.ProviderFactory.invokeProvider(ProviderFactory.java:85)
	at org.apache.maven.surefire.booter.ForkedBooter.runSuitesInProcess(ForkedBooter.java:115)
	at org.apache.maven.surefire.booter.ForkedBooter.main(ForkedBooter.java:75)
</failure>
  </testcase>
  <testcase classname="br.com.contmatic.empresa.empresa.EmpresaTest" name="test_deve_retornar_contato" time="0.001"/>
  <testcase classname="br.com.contmatic.empresa.empresa.EmpresaTest" name="test_nao_deve_criar_empresa_com_cnpj_vazio" time="0.001"/>
  <testcase classname="br.com.contmatic.empresa.empresa.EmpresaTest" name="test_nao_deve_settar_empresa_com_cnpj_com_menos_de_11_caracteres" time="0"/>
  <testcase classname="br.com.contmatic.empresa.empresa.EmpresaTest" name="test_nao_deve_adicionar_lista_de_endereco_nula_a_empresa" time="0"/>
  <testcase classname="br.com.contmatic.empresa.empresa.EmpresaTest" name="test_deve_settar_nova_razao_social_valida" time="0.001"/>
  <testcase classname="br.com.contmatic.empresa.empresa.EmpresaTest" name="test_nao_deve_criar_empresa_com_cnpj_sequencial" time="0"/>
  <testcase classname="br.com.contmatic.empresa.empresa.EmpresaTest" name="test_nao_deve_criar_empresa_com_cnpj_com_mais_de_11_caracteres" time="0"/>
  <testcase classname="br.com.contmatic.empresa.empresa.EmpresaTest" name="test_nao_deve_adicionar_lista_de_enderecos_sem_endereco" time="0"/>
  <testcase classname="br.com.contmatic.empresa.empresa.EmpresaTest" name="test_deve_retornar_o_cnpj_valido" time="0.001"/>
  <testcase classname="br.com.contmatic.empresa.empresa.EmpresaTest" name="test_deve_retornar_que_tostring_deve_possuir_todos_os_atributos" time="0.001"/>
  <testcase classname="br.com.contmatic.empresa.empresa.EmpresaTest" name="test_nao_deve_settar_novo_cnpj_invalido_a_empresa_existente" time="0.014"/>
  <testcase classname="br.com.contmatic.empresa.empresa.EmpresaTest" name="test_nao_deve_settar_nova_razao_social_invalida" time="0"/>
  <testcase classname="br.com.contmatic.empresa.empresa.EmpresaTest" name="test_deve_retornar_hashcode_igual_com_empresas_iguais" time="0"/>
  <testcase classname="br.com.contmatic.empresa.empresa.EmpresaTest" name="test_deve_retornar_a_razao_social_valida" time="0"/>
  <testcase classname="br.com.contmatic.empresa.empresa.EmpresaTest" name="test_deve_adicionar_lista_de_enderecos_com_dois_enderecos_cadastrados" time="0"/>
  <testcase classname="br.com.contmatic.empresa.empresa.EmpresaTest" name="test_nao_deve_adicionar_lista_de_departamento_nula" time="0"/>
  <testcase classname="br.com.contmatic.empresa.empresa.EmpresaTest" name="test_deve_criar_empresa_com_razao_social_valido" time="0"/>
  <testcase classname="br.com.contmatic.empresa.empresa.EmpresaTest" name="test_nao_deve_criar_empresa_com_razao_social_nula" time="0"/>
  <testcase classname="br.com.contmatic.empresa.empresa.EmpresaTest" name="test_nao_deve_settar_empresa_com_cnpj_possundo_caracteres_invalidos" time="0"/>
  <testcase classname="br.com.contmatic.empresa.empresa.EmpresaTest" name="test_deve_adicionar_lista_de_enrecos_com_um_endereco_cadastrado" time="0"/>
  <testcase classname="br.com.contmatic.empresa.empresa.EmpresaTest" name="test_nao_deve_adicionar_contato_nulo_a_empresa" time="0"/>
  <testcase classname="br.com.contmatic.empresa.empresa.EmpresaTest" name="test_nao_deve_retornar_igualdade_ao_comparar_empresas_diferentes" time="0"/>
  <testcase classname="br.com.contmatic.empresa.empresa.EmpresaTest" name="test_deve_settar_novo_cnpj_valido_a_empresa_existente" time="0"/>
  <testcase classname="br.com.contmatic.empresa.empresa.EmpresaTest" name="test_nao_deve_settar_empresa_com_razao_social_possuindo_mais_de_60_caracteres" time="0"/>
  <testcase classname="br.com.contmatic.empresa.empresa.EmpresaTest" name="test_nao_deve_settar_empresa_com_cnpj_vazio" time="0"/>
  <testcase classname="br.com.contmatic.empresa.empresa.EmpresaTest" name="test_nao_deve_criar_empresa_com_razao_social_possuindo_mais_de_60_caracteres" time="0"/>
  <testcase classname="br.com.contmatic.empresa.empresa.EmpresaTest" name="test_nao_deve_criar_empresa_com_razao_social_vazia" time="0"/>
  <testcase classname="br.com.contmatic.empresa.empresa.EmpresaTest" name="test_nao_deve_settar_empresa_com_cnpj_invalido" time="0"/>
  <testcase classname="br.com.contmatic.empresa.empresa.EmpresaTest" name="test_nao_deve_settar_empresa_com_cnpj_sequencial" time="0"/>
  <testcase classname="br.com.contmatic.empresa.empresa.EmpresaTest" name="test_nao_deve_settar_empresa_com_razao_social_vazia" time="0.001"/>
  <testcase classname="br.com.contmatic.empresa.empresa.EmpresaTest" name="test_deve_adicionar_um_contato_a_empresa" time="0"/>
  <testcase classname="br.com.contmatic.empresa.empresa.EmpresaTest" name="test_nao_deve_settar_empresa_com_razao_social_possindo_menos_de_5_caracteres" time="0.002"/>
  <testcase classname="br.com.contmatic.empresa.empresa.EmpresaTest" name="test_nao_deve_settar_empresa_com_razao_social_contendo_numeros" time="0">
    <failure message="Expected exception: java.lang.IllegalStateException" type="java.lang.AssertionError">java.lang.AssertionError: Expected exception: java.lang.IllegalStateException
	at org.junit.internal.runners.statements.ExpectException.evaluate(ExpectException.java:32)
	at org.junit.internal.runners.statements.RunBefores.evaluate(RunBefores.java:26)
	at org.junit.runners.ParentRunner.runLeaf(ParentRunner.java:325)
	at org.junit.runners.BlockJUnit4ClassRunner.runChild(BlockJUnit4ClassRunner.java:78)
	at org.junit.runners.BlockJUnit4ClassRunner.runChild(BlockJUnit4ClassRunner.java:57)
	at org.junit.runners.ParentRunner$3.run(ParentRunner.java:290)
	at org.junit.runners.ParentRunner$1.schedule(ParentRunner.java:71)
	at org.junit.runners.ParentRunner.runChildren(ParentRunner.java:288)
	at org.junit.runners.ParentRunner.access$000(ParentRunner.java:58)
	at org.junit.runners.ParentRunner$2.evaluate(ParentRunner.java:268)
	at org.junit.runners.ParentRunner.run(ParentRunner.java:363)
	at org.apache.maven.surefire.junit4.JUnit4Provider.execute(JUnit4Provider.java:252)
	at org.apache.maven.surefire.junit4.JUnit4Provider.executeTestSet(JUnit4Provider.java:141)
	at org.apache.maven.surefire.junit4.JUnit4Provider.invoke(JUnit4Provider.java:112)
	at java.base/jdk.internal.reflect.NativeMethodAccessorImpl.invoke0(Native Method)
	at java.base/jdk.internal.reflect.NativeMethodAccessorImpl.invoke(NativeMethodAccessorImpl.java:78)
	at java.base/jdk.internal.reflect.DelegatingMethodAccessorImpl.invoke(DelegatingMethodAccessorImpl.java:43)
	at java.base/java.lang.reflect.Method.invoke(Method.java:567)
	at org.apache.maven.surefire.util.ReflectionUtils.invokeMethodWithArray(ReflectionUtils.java:189)
	at org.apache.maven.surefire.booter.ProviderFactory$ProviderProxy.invoke(ProviderFactory.java:165)
	at org.apache.maven.surefire.booter.ProviderFactory.invokeProvider(ProviderFactory.java:85)
	at org.apache.maven.surefire.booter.ForkedBooter.runSuitesInProcess(ForkedBooter.java:115)
	at org.apache.maven.surefire.booter.ForkedBooter.main(ForkedBooter.java:75)
</failure>
  </testcase>
  <testcase classname="br.com.contmatic.empresa.empresa.EmpresaTest" name="test_deve_adicionar_lista_de_departamento_valido_a_empresa" time="0"/>
</testsuite>