<?xml version="1.0" encoding="UTF-8" ?>
<testsuite tests="49" failures="0" name="br.com.contmatic.empresa.empresa.EmpresaTest" time="0.039" errors="0" skipped="0">
  <properties>
[...]
</properties>
  <testcase classname="br.com.contmatic.empresa.empresa.EmpresaTest" name="test_nao_deve_criar_empresa_com_cnpj_invalido" time="0.001"/>
  <testcase classname="br.com.contmatic.empresa.empresa.EmpresaTest" name="test_nao_deve_settar_empresa_com_cnpj_com_mais_de_11_caracteres" time="0.001"/>
  <testcase classname="br.com.contmatic.empresa.empresa.EmpresaTest" name="test_deve_retornar_enderecos" time="0"/>
  <testcase classname="br.com.contmatic.empresa.empresa.EmpresaTest" name="test_nao_deve_retornar_igualdade_ao_comparar_empresa_com__null" time="0"/>
  <testcase classname="br.com.contmatic.empresa.empresa.EmpresaTest" name="test_nao_deve_criar_empresa_com_cnpj_nulo" time="0.001"/>
  <testcase classname="br.com.contmatic.empresa.empresa.EmpresaTest" name="test_deve_retornar_a_lista_de_departamento_adicionada" time="0"/>
  <testcase classname="br.com.contmatic.empresa.empresa.EmpresaTest" name="test_nao_deve_criar_empresa_com_cnpj_com_menos_de_11_caracteres" time="0"/>
  <testcase classname="br.com.contmatic.empresa.empresa.EmpresaTest" name="test_nao_deve_criar_empresa_com_razao_social_possindo_menos_de_5_caracteres" time="0.001"/>
  <testcase classname="br.com.contmatic.empresa.empresa.EmpresaTest" name="test_deve_settar_empresa_com_razao_social_contendo_numeros" time="0"/>
  <testcase classname="br.com.contmatic.empresa.empresa.EmpresaTest" name="test_nao_deve_settar_empresa_com_cnpj_nulo" time="0.001"/>
  <testcase classname="br.com.contmatic.empresa.empresa.EmpresaTest" name="test_deve_criar_empresa_com_cnpj_valido" time="0.003"/>
  <testcase classname="br.com.contmatic.empresa.empresa.EmpresaTest" name="test_deve_retornar_igualdade_ao_comparar_empresa_com_a_mesma_empresa" time="0"/>
  <testcase classname="br.com.contmatic.empresa.empresa.EmpresaTest" name="test_nao_deve_settar_empresa_com_razao_social_nula" time="0"/>
  <testcase classname="br.com.contmatic.empresa.empresa.EmpresaTest" name="test_nao_deve_criar_empresa_com_cnpj_possundo_caracteres_invalidos" time="0"/>
  <testcase classname="br.com.contmatic.empresa.empresa.EmpresaTest" name="test_nao_deve_retornar_igualdade_ao_comparar_objetos_de_classes_diferentes" time="0.001"/>
  <testcase classname="br.com.contmatic.empresa.empresa.EmpresaTest" name="test_deve_retornar_contato" time="0.001"/>
  <testcase classname="br.com.contmatic.empresa.empresa.EmpresaTest" name="test_nao_deve_criar_empresa_com_cnpj_vazio" time="0"/>
  <testcase classname="br.com.contmatic.empresa.empresa.EmpresaTest" name="test_nao_deve_settar_empresa_com_cnpj_com_menos_de_11_caracteres" time="0"/>
  <testcase classname="br.com.contmatic.empresa.empresa.EmpresaTest" name="test_nao_deve_adicionar_lista_de_endereco_nula_a_empresa" time="0.001"/>
  <testcase classname="br.com.contmatic.empresa.empresa.EmpresaTest" name="test_deve_settar_nova_razao_social_valida" time="0"/>
  <testcase classname="br.com.contmatic.empresa.empresa.EmpresaTest" name="test_nao_deve_criar_empresa_com_cnpj_sequencial" time="0.001"/>
  <testcase classname="br.com.contmatic.empresa.empresa.EmpresaTest" name="test_nao_deve_criar_empresa_com_cnpj_com_mais_de_11_caracteres" time="0.001"/>
  <testcase classname="br.com.contmatic.empresa.empresa.EmpresaTest" name="test_deve_criar_empresa_com_razao_social_contendo_numeros" time="0.001"/>
  <testcase classname="br.com.contmatic.empresa.empresa.EmpresaTest" name="test_nao_deve_adicionar_lista_de_enderecos_sem_endereco" time="0.001"/>
  <testcase classname="br.com.contmatic.empresa.empresa.EmpresaTest" name="test_deve_retornar_o_cnpj_valido" time="0.001"/>
  <testcase classname="br.com.contmatic.empresa.empresa.EmpresaTest" name="test_deve_retornar_que_tostring_deve_possuir_todos_os_atributos" time="0"/>
  <testcase classname="br.com.contmatic.empresa.empresa.EmpresaTest" name="test_nao_deve_settar_novo_cnpj_invalido_a_empresa_existente" time="0.001"/>
  <testcase classname="br.com.contmatic.empresa.empresa.EmpresaTest" name="test_nao_deve_settar_nova_razao_social_invalida" time="0.001"/>
  <testcase classname="br.com.contmatic.empresa.empresa.EmpresaTest" name="test_deve_retornar_hashcode_igual_com_empresas_iguais" time="0"/>
  <testcase classname="br.com.contmatic.empresa.empresa.EmpresaTest" name="test_deve_retornar_a_razao_social_valida" time="0.001"/>
  <testcase classname="br.com.contmatic.empresa.empresa.EmpresaTest" name="test_deve_adicionar_lista_de_enderecos_com_dois_enderecos_cadastrados" time="0"/>
  <testcase classname="br.com.contmatic.empresa.empresa.EmpresaTest" name="test_nao_deve_adicionar_lista_de_departamento_nula" time="0.001"/>
  <testcase classname="br.com.contmatic.empresa.empresa.EmpresaTest" name="test_deve_criar_empresa_com_razao_social_valido" time="0"/>
  <testcase classname="br.com.contmatic.empresa.empresa.EmpresaTest" name="test_nao_deve_criar_empresa_com_razao_social_nula" time="0.002"/>
  <testcase classname="br.com.contmatic.empresa.empresa.EmpresaTest" name="test_nao_deve_settar_empresa_com_cnpj_possundo_caracteres_invalidos" time="0.001"/>
  <testcase classname="br.com.contmatic.empresa.empresa.EmpresaTest" name="test_deve_adicionar_lista_de_enrecos_com_um_endereco_cadastrado" time="0.008"/>
  <testcase classname="br.com.contmatic.empresa.empresa.EmpresaTest" name="test_nao_deve_adicionar_contato_nulo_a_empresa" time="0.001"/>
  <testcase classname="br.com.contmatic.empresa.empresa.EmpresaTest" name="test_nao_deve_retornar_igualdade_ao_comparar_empresas_diferentes" time="0"/>
  <testcase classname="br.com.contmatic.empresa.empresa.EmpresaTest" name="test_deve_settar_novo_cnpj_valido_a_empresa_existente" time="0.001"/>
  <testcase classname="br.com.contmatic.empresa.empresa.EmpresaTest" name="test_nao_deve_settar_empresa_com_razao_social_possuindo_mais_de_60_caracteres" time="0.001"/>
  <testcase classname="br.com.contmatic.empresa.empresa.EmpresaTest" name="test_nao_deve_settar_empresa_com_cnpj_vazio" time="0.001"/>
  <testcase classname="br.com.contmatic.empresa.empresa.EmpresaTest" name="test_nao_deve_criar_empresa_com_razao_social_possuindo_mais_de_60_caracteres" time="0.002"/>
  <testcase classname="br.com.contmatic.empresa.empresa.EmpresaTest" name="test_nao_deve_criar_empresa_com_razao_social_vazia" time="0"/>
  <testcase classname="br.com.contmatic.empresa.empresa.EmpresaTest" name="test_nao_deve_settar_empresa_com_cnpj_invalido" time="0"/>
  <testcase classname="br.com.contmatic.empresa.empresa.EmpresaTest" name="test_nao_deve_settar_empresa_com_cnpj_sequencial" time="0"/>
  <testcase classname="br.com.contmatic.empresa.empresa.EmpresaTest" name="test_nao_deve_settar_empresa_com_razao_social_vazia" time="0.001"/>
  <testcase classname="br.com.contmatic.empresa.empresa.EmpresaTest" name="test_deve_adicionar_um_contato_a_empresa" time="0"/>
  <testcase classname="br.com.contmatic.empresa.empresa.EmpresaTest" name="test_nao_deve_settar_empresa_com_razao_social_possindo_menos_de_5_caracteres" time="0.001"/>
  <testcase classname="br.com.contmatic.empresa.empresa.EmpresaTest" name="test_deve_adicionar_lista_de_departamento_valido_a_empresa" time="0"/>
</testsuite>