<?xml version="1.0" encoding="UTF-8" ?>
<testsuite tests="49" failures="0" name="br.com.contmatic.empresa.empresa.EnderecoTest" time="0.043" errors="0" skipped="0">
  <properties>
[...]
</properties>
  <testcase classname="br.com.contmatic.empresa.empresa.EnderecoTest" name="test_deve_criar_endereco_com_numero_valido" time="0.001"/>
  <testcase classname="br.com.contmatic.empresa.empresa.EnderecoTest" name="test_deve_settar_cidade_valida_a_endereco" time="0"/>
  <testcase classname="br.com.contmatic.empresa.empresa.EnderecoTest" name="test_nao_deve_settar_rua_com_quantidade_de_caracteres_a_menos" time="0.001"/>
  <testcase classname="br.com.contmatic.empresa.empresa.EnderecoTest" name="test_nao_deve_criar_endereco_com_cep_vazio" time="0.001"/>
  <testcase classname="br.com.contmatic.empresa.empresa.EnderecoTest" name="test_nao_deve_criar_endereco_com_numero_contendo_caracteres_invalidos" time="0"/>
  <testcase classname="br.com.contmatic.empresa.empresa.EnderecoTest" name="test_deve_retornar_igualdade_no_hashcode_comparar_objetos_com_mesmo_atributo" time="0"/>
  <testcase classname="br.com.contmatic.empresa.empresa.EnderecoTest" name="test_deve_settar_rua_contendo_digitos" time="0.001"/>
  <testcase classname="br.com.contmatic.empresa.empresa.EnderecoTest" name="test_deve_retornar_cidade" time="0.007"/>
  <testcase classname="br.com.contmatic.empresa.empresa.EnderecoTest" name="test_nao_deve_retornar_igualdade_no_hashcode_ao_comparar_objetos_com_atributos_diferentes" time="0.003"/>
  <testcase classname="br.com.contmatic.empresa.empresa.EnderecoTest" name="test_deve_retornar_to_string" time="0.003"/>
  <testcase classname="br.com.contmatic.empresa.empresa.EnderecoTest" name="test_nao_deve_settar_endereco_com_cep_contendo_letras" time="0.002"/>
  <testcase classname="br.com.contmatic.empresa.empresa.EnderecoTest" name="test_nao_deve_retornar_igualdade_a_comparar_enderecos_com_cep_diferente" time="0.001"/>
  <testcase classname="br.com.contmatic.empresa.empresa.EnderecoTest" name="test_nao_deve_criar_endereco_com_digitos_invalidos_no_cep" time="0.001"/>
  <testcase classname="br.com.contmatic.empresa.empresa.EnderecoTest" name="test_deve_retornar_a_rua" time="0"/>
  <testcase classname="br.com.contmatic.empresa.empresa.EnderecoTest" name="test_deve_criar_endereco_com_cep_valido" time="0.001"/>
  <testcase classname="br.com.contmatic.empresa.empresa.EnderecoTest" name="test_nao_deve_settar_cep_com_digito_sequencial" time="0.003"/>
  <testcase classname="br.com.contmatic.empresa.empresa.EnderecoTest" name="test_nao_deve_criar_endereco_com_cep_contendo_caracteres_especiais" time="0.001"/>
  <testcase classname="br.com.contmatic.empresa.empresa.EnderecoTest" name="test_nao_deve_criar_endereco_com_numero_nulo" time="0.001"/>
  <testcase classname="br.com.contmatic.empresa.empresa.EnderecoTest" name="test_deve_retornar_cep_de_um_endereco_criado" time="0"/>
  <testcase classname="br.com.contmatic.empresa.empresa.EnderecoTest" name="test_nao_deve_criar_endereco_com_cep_nulo" time="0.001"/>
  <testcase classname="br.com.contmatic.empresa.empresa.EnderecoTest" name="test_nao_deve_settar_rua_com_valor_nullo" time="0"/>
  <testcase classname="br.com.contmatic.empresa.empresa.EnderecoTest" name="test_deve_settar_rua_valida" time="0"/>
  <testcase classname="br.com.contmatic.empresa.empresa.EnderecoTest" name="test_nao_deve_settar_rua_com_valor_vazio" time="0"/>
  <testcase classname="br.com.contmatic.empresa.empresa.EnderecoTest" name="test_nao_deve_criar_cep_com_digito_sequencial" time="0.001"/>
  <testcase classname="br.com.contmatic.empresa.empresa.EnderecoTest" name="test_nao_deve_settar_endereco_com_cep_nulo" time="0"/>
  <testcase classname="br.com.contmatic.empresa.empresa.EnderecoTest" name="test_nao_deve_settar_rua_com_quantidade_de_caracteres_a_mais" time="0.001"/>
  <testcase classname="br.com.contmatic.empresa.empresa.EnderecoTest" name="test_nao_deve_settar_endereco_com_numero_nulo" time="0.001"/>
  <testcase classname="br.com.contmatic.empresa.empresa.EnderecoTest" name="test_deve_settar_endereco_com_numero_valido" time="0"/>
  <testcase classname="br.com.contmatic.empresa.empresa.EnderecoTest" name="test_nao_deve_retornar_igualdade_a_comparar_enderecos_com_numeros_diferentes" time="0.001"/>
  <testcase classname="br.com.contmatic.empresa.empresa.EnderecoTest" name="test_nao_deve_settar_endereco_contendo_letras_no_numero" time="0.002"/>
  <testcase classname="br.com.contmatic.empresa.empresa.EnderecoTest" name="test_nao_deve_settar_endereco_com_cep_vazio" time="0.001"/>
  <testcase classname="br.com.contmatic.empresa.empresa.EnderecoTest" name="test_nao_deve_settar_rua_contendo_caracteres_especiais" time="0.001"/>
  <testcase classname="br.com.contmatic.empresa.empresa.EnderecoTest" name="test_deve_settar_um_novo_cep_valido_a_um_endereco_ja_criado" time="0.001"/>
  <testcase classname="br.com.contmatic.empresa.empresa.EnderecoTest" name="test_deve_retornar_igualdade_a_comparar_enderecos_com_os_mesmos_atributos" time="0.001"/>
  <testcase classname="br.com.contmatic.empresa.empresa.EnderecoTest" name="test_nao_deve_criar_endereco_com_mais_de_5_numeros" time="0"/>
  <testcase classname="br.com.contmatic.empresa.empresa.EnderecoTest" name="test_nao_deve_settar_cidade_invalida_a_endereco" time="0"/>
  <testcase classname="br.com.contmatic.empresa.empresa.EnderecoTest" name="test_deve_retornar_igualdade_ao_compara_o_endereco_com_o_proprio_endereco" time="0"/>
  <testcase classname="br.com.contmatic.empresa.empresa.EnderecoTest" name="test_nao_deve_settar_endereco_com_digitos_invalidos_no_cep" time="0"/>
  <testcase classname="br.com.contmatic.empresa.empresa.EnderecoTest" name="test_nao_deve_retornar_igualdade_ao_comparar_endereco_com_objetos_de_classes_diferentes" time="0"/>
  <testcase classname="br.com.contmatic.empresa.empresa.EnderecoTest" name="test_nao_deve_settar_endereco_com_mais_de_5_numeros" time="0"/>
  <testcase classname="br.com.contmatic.empresa.empresa.EnderecoTest" name="test_deve_criar_endereco_e_settar_um_novo_numero" time="0"/>
  <testcase classname="br.com.contmatic.empresa.empresa.EnderecoTest" name="test_nao_deve_settar_endereco_com_numero_contendo_caracteres_invalidos" time="0.001"/>
  <testcase classname="br.com.contmatic.empresa.empresa.EnderecoTest" name="test_nao_deve_criar_endereco_com_cep_contendo_letras" time="0.002"/>
  <testcase classname="br.com.contmatic.empresa.empresa.EnderecoTest" name="test_nao_deve_criar_endereco_contendo_letras_no_numero" time="0"/>
  <testcase classname="br.com.contmatic.empresa.empresa.EnderecoTest" name="test_nao_deve_settar_endereco_com_cep_contendo_caracteres_especiais" time="0"/>
  <testcase classname="br.com.contmatic.empresa.empresa.EnderecoTest" name="test_nao_deve_settar_endereco_com_numero_vazio" time="0.001"/>
  <testcase classname="br.com.contmatic.empresa.empresa.EnderecoTest" name="test_nao_deve_retornar_igualdade_ao_comparar_endereco_a_um_valor_nulo" time="0"/>
  <testcase classname="br.com.contmatic.empresa.empresa.EnderecoTest" name="test_deve_retornar_numero_do_endereco" time="0.001"/>
  <testcase classname="br.com.contmatic.empresa.empresa.EnderecoTest" name="test_nao_deve_criar_endereco_com_numero_vazio" time="0"/>
</testsuite>