<?xml version="1.0" encoding="UTF-8" ?>
<testsuite tests="37" failures="0" name="br.com.contmatic.empresa.empresa.CidadeTest" time="0.025" errors="0" skipped="0">
  <properties>
[...]
</properties>
  <testcase classname="br.com.contmatic.empresa.empresa.CidadeTest" name="test_nao_deve_retornar_igualdade_ao_comparar_cidade_com_valor_null" time="0.011"/>
  <testcase classname="br.com.contmatic.empresa.empresa.CidadeTest" name="test_nao_deve_criar_cidade_com_cod_ibge_contendo_mais_digitos_que_o_permitido" time="0"/>
  <testcase classname="br.com.contmatic.empresa.empresa.CidadeTest" name="test_nao_deve_settar_uf_com_quantidade_de_caracteres_a_mais" time="0"/>
  <testcase classname="br.com.contmatic.empresa.empresa.CidadeTest" name="test_nao_deve_criar_cidade_com_cod_ibge_contendo_letras" time="0"/>
  <testcase classname="br.com.contmatic.empresa.empresa.CidadeTest" name="test_nao_deve_criar_cidade_com_cod_ibge_null" time="0"/>
  <testcase classname="br.com.contmatic.empresa.empresa.CidadeTest" name="test_nao_deve_settar__nome_null" time="0"/>
  <testcase classname="br.com.contmatic.empresa.empresa.CidadeTest" name="test_nao_deve_settar_nome_contendo_menos_de_3_caracteres" time="0"/>
  <testcase classname="br.com.contmatic.empresa.empresa.CidadeTest" name="test_deve_retornar_igualdade_ao_comparar_a_cidade_com_a_mesma" time="0"/>
  <testcase classname="br.com.contmatic.empresa.empresa.CidadeTest" name="test_deve_retornar_igualdade_ao_comparar_o_hash_code_de_objetos_com_os_mesmos_atributos" time="0"/>
  <testcase classname="br.com.contmatic.empresa.empresa.CidadeTest" name="test_deve_retornar_igualdade_ao_comparar_objetos_com_os_mesmos_atributos_e_de_mesma_classe" time="0"/>
  <testcase classname="br.com.contmatic.empresa.empresa.CidadeTest" name="test_nao_deve_settar_cidade_com_cod_ibge_null" time="0.001"/>
  <testcase classname="br.com.contmatic.empresa.empresa.CidadeTest" name="test_deve_retornar_to_string_contendo_todos_os_atributos" time="0.001"/>
  <testcase classname="br.com.contmatic.empresa.empresa.CidadeTest" name="test_nao_deve_settar_uf_com_quantidade_de_caracteres_a_menos" time="0.001"/>
  <testcase classname="br.com.contmatic.empresa.empresa.CidadeTest" name="test_nao_deve_settar_uf_com_digitos" time="0"/>
  <testcase classname="br.com.contmatic.empresa.empresa.CidadeTest" name="test_nao_deve_settar_cidade_com_cod_ibge_contendo_menos_digitos_que_o_permitido" time="0"/>
  <testcase classname="br.com.contmatic.empresa.empresa.CidadeTest" name="test_deve_settar_valido_nome_a_cidade" time="0.001"/>
  <testcase classname="br.com.contmatic.empresa.empresa.CidadeTest" name="test_nao_deve_csettaruf_contendo_caracteres_especiais" time="0"/>
  <testcase classname="br.com.contmatic.empresa.empresa.CidadeTest" name="test_nao_deve_settar_cidade_com_cod_ibge_contendo_letras" time="0.001"/>
  <testcase classname="br.com.contmatic.empresa.empresa.CidadeTest" name="test_nao_deve_settar_cidade_com_cod_ibge_contendo_caracteres_especiais" time="0"/>
  <testcase classname="br.com.contmatic.empresa.empresa.CidadeTest" name="test_deve_settar_uf_valido" time="0"/>
  <testcase classname="br.com.contmatic.empresa.empresa.CidadeTest" name="test_nao_deve_settar_uf_vazio" time="0.001"/>
  <testcase classname="br.com.contmatic.empresa.empresa.CidadeTest" name="test_deve_settar_cidade_com_cod_ibge_valido" time="0.001"/>
  <testcase classname="br.com.contmatic.empresa.empresa.CidadeTest" name="test_nao_deve_criar_cidade_com_cod_ibge_contendo_menos_digitos_que_o_permitido" time="0.001"/>
  <testcase classname="br.com.contmatic.empresa.empresa.CidadeTest" name="test_nao_deve_settar__nome_vazio" time="0.001"/>
  <testcase classname="br.com.contmatic.empresa.empresa.CidadeTest" name="test_nao_deve_settar_uf_nulo" time="0.001"/>
  <testcase classname="br.com.contmatic.empresa.empresa.CidadeTest" name="test_nao_deve_retornar_igualdade_de_objetos_de_classes_diferentes" time="0.001"/>
  <testcase classname="br.com.contmatic.empresa.empresa.CidadeTest" name="test_nao_deve_criar_cidade_com_cod_ibge_contendo_caracteres_especiais" time="0.001"/>
  <testcase classname="br.com.contmatic.empresa.empresa.CidadeTest" name="test_nao_deve_criar_cidade_com_cod_ibge_contendo_espacos" time="0"/>
  <testcase classname="br.com.contmatic.empresa.empresa.CidadeTest" name="test_nao_deve_settar_nome_contendo_caracteres_especiais" time="0"/>
  <testcase classname="br.com.contmatic.empresa.empresa.CidadeTest" name="test_nao_deve_retornar_igualdade_ao_comparar_hash_code_de_objetos_com_atributos_diferentes" time="0"/>
  <testcase classname="br.com.contmatic.empresa.empresa.CidadeTest" name="test_nao_deve_settar__nome_invalido_contendo_digitos_a_cidade" time="0"/>
  <testcase classname="br.com.contmatic.empresa.empresa.CidadeTest" name="test_deve_retornar_uf" time="0.001"/>
  <testcase classname="br.com.contmatic.empresa.empresa.CidadeTest" name="test_nao_deve_settar_cidade_com_cod_ibge_vazio" time="0"/>
  <testcase classname="br.com.contmatic.empresa.empresa.CidadeTest" name="test_nao_deve_settar_cidade_com_cod_ibge_contendo_espacos" time="0.001"/>
  <testcase classname="br.com.contmatic.empresa.empresa.CidadeTest" name="test_nao_deve_settar_cidade_com_cod_ibge_contendo_mais_digitos_que_o_permitido" time="0"/>
  <testcase classname="br.com.contmatic.empresa.empresa.CidadeTest" name="test_nao_deve_criar_cidade_com_cod_ibge_vazio" time="0"/>
  <testcase classname="br.com.contmatic.empresa.empresa.CidadeTest" name="test_deve_criar_cidade_com_cod_ibge_valido" time="0"/>
</testsuite>