<?xml version="1.0" encoding="UTF-8" ?>
<testsuite tests="72" failures="0" name="br.com.contmatic.empresa.empresa.FuncionarioTest" time="0.038" errors="0" skipped="0">
  <properties>
[...]
</properties>
  <testcase classname="br.com.contmatic.empresa.empresa.FuncionarioTest" name="testAH_deve_retornar_igualdade_ao_comparar_funcionarios_com_mesmos_atributos" time="0"/>
  <testcase classname="br.com.contmatic.empresa.empresa.FuncionarioTest" name="testAG_nao_deve_retornar_igualdade_ao_comparar_funcionario_com_objeto_nulo" time="0"/>
  <testcase classname="br.com.contmatic.empresa.empresa.FuncionarioTest" name="tesP_deve_retornar_cpf" time="0.001"/>
  <testcase classname="br.com.contmatic.empresa.empresa.FuncionarioTest" name="testL_nao_deve_settar_funcionario_com_letras_no_cpf" time="0"/>
  <testcase classname="br.com.contmatic.empresa.empresa.FuncionarioTest" name="testC_nao_deve_settar_funcionario_com_o_nome_maior_que_60_caracteres" time="0"/>
  <testcase classname="br.com.contmatic.empresa.empresa.FuncionarioTest" name="testC_nao_deve_criar_funcionario_com_o_nome_maior_que_60_caracteres" time="0"/>
  <testcase classname="br.com.contmatic.empresa.empresa.FuncionarioTest" name="testS_nao_deve_criar_funcionario_com_data_de_nascimento_menor_que_18" time="0"/>
  <testcase classname="br.com.contmatic.empresa.empresa.FuncionarioTest" name="testH_nao_deve_settar_funcionario_com_quantidade_de_digitos_a_mais_no_cpf" time="0"/>
  <testcase classname="br.com.contmatic.empresa.empresa.FuncionarioTest" name="testT_nao_deve_settar_funcionario_com_data_de_nascimento_menor_que_18_por_conta_de_meses" time="0"/>
  <testcase classname="br.com.contmatic.empresa.empresa.FuncionarioTest" name="testK_nao_deve_criar_funcionario_com_cpf_sequencial" time="0.004"/>
  <testcase classname="br.com.contmatic.empresa.empresa.FuncionarioTest" name="testJ_nao_deve_settar_funcionario_com_segundo_digito_verificador_invalido_no_cpf" time="0"/>
  <testcase classname="br.com.contmatic.empresa.empresa.FuncionarioTest" name="testAC_nao_deve_settar_funcionario_com_o_cargo_nulo" time="0"/>
  <testcase classname="br.com.contmatic.empresa.empresa.FuncionarioTest" name="testAE_nao_deve_retornar_igualdade_ao_comparar_objetos_diferentes" time="0"/>
  <testcase classname="br.com.contmatic.empresa.empresa.FuncionarioTest" name="testJ_nao_deve_criar_funcionario_com_segundo_digito_verificador_invalido_no_cpf" time="0"/>
  <testcase classname="br.com.contmatic.empresa.empresa.FuncionarioTest" name="testK_nao_deve_settar_funcionario_com_cpf_sequencial" time="0"/>
  <testcase classname="br.com.contmatic.empresa.empresa.FuncionarioTest" name="testF_deve_retornar_nome_do_funcionario" time="0.001"/>
  <testcase classname="br.com.contmatic.empresa.empresa.FuncionarioTest" name="testAB_nao_deve_criar_funcionario_com_o_cargo_vazio" time="0.001"/>
  <testcase classname="br.com.contmatic.empresa.empresa.FuncionarioTest" name="testM_nao_deve_criar_funcionario_com_cpf_vazio" time="0"/>
  <testcase classname="br.com.contmatic.empresa.empresa.FuncionarioTest" name="testU_deve_criar_funcionario_com_data_de_nascimento_maior_que_18_por_conta_de_meses" time="0.001"/>
  <testcase classname="br.com.contmatic.empresa.empresa.FuncionarioTest" name="testI_nao_deve_settar_funcionario_com_quantidade_de_digitos_a_menos_no_cpf" time="0"/>
  <testcase classname="br.com.contmatic.empresa.empresa.FuncionarioTest" name="testN_nao_deve_criar_funcionario_com_cpf_nulo" time="0"/>
  <testcase classname="br.com.contmatic.empresa.empresa.FuncionarioTest" name="testR_nao_deve_criar_funcionario_com_data_de_nascimento_nulo" time="0.001"/>
  <testcase classname="br.com.contmatic.empresa.empresa.FuncionarioTest" name="testI_nao_deve_criar_funcionario_com_quantidade_de_digitos_a_menos_no_cpf" time="0.001"/>
  <testcase classname="br.com.contmatic.empresa.empresa.FuncionarioTest" name="testAA_nao_deve_settar_funcionario_com_o_cargo_contendo_numeros" time="0"/>
  <testcase classname="br.com.contmatic.empresa.empresa.FuncionarioTest" name="testM_nao_deve_settar_funcionario_com_cpf_vazio" time="0.001"/>
  <testcase classname="br.com.contmatic.empresa.empresa.FuncionarioTest" name="test_deve_settar_um_novo_nome_ao_funcionario" time="0"/>
  <testcase classname="br.com.contmatic.empresa.empresa.FuncionarioTest" name="testD_nao_deve_criar_funcionario_com_o_nome_vazio" time="0.001"/>
  <testcase classname="br.com.contmatic.empresa.empresa.FuncionarioTest" name="test_deve_settar_idade_valida_ao_funcionario" time="0"/>
  <testcase classname="br.com.contmatic.empresa.empresa.FuncionarioTest" name="testB_nao_deve_criar_funcionario_com_o_nome_menor_que_5_caracteres" time="0"/>
  <testcase classname="br.com.contmatic.empresa.empresa.FuncionarioTest" name="test_deve_referenciar_departamento_a_qual_funcionario_pertence" time="0"/>
  <testcase classname="br.com.contmatic.empresa.empresa.FuncionarioTest" name="test_deve_adicionar_um_endereco_ao_funcionario" time="0"/>
  <testcase classname="br.com.contmatic.empresa.empresa.FuncionarioTest" name="test_deve_retornar_departamento_a_qual_o_funcionario_pertence" time="0"/>
  <testcase classname="br.com.contmatic.empresa.empresa.FuncionarioTest" name="test_nao_deve_adicionar_um_contato_nulo_ao_funcionario" time="0"/>
  <testcase classname="br.com.contmatic.empresa.empresa.FuncionarioTest" name="testE_nao_deve_criar_funcionario_com_o_nome_nulo" time="0.001"/>
  <testcase classname="br.com.contmatic.empresa.empresa.FuncionarioTest" name="testZ_nao_deve_criar_funcionario_com_o_cargo_maior_que_60_caracteres" time="0"/>
  <testcase classname="br.com.contmatic.empresa.empresa.FuncionarioTest" name="test_deve_settar_um_novo_cpf_ao_funcionario" time="0"/>
  <testcase classname="br.com.contmatic.empresa.empresa.FuncionarioTest" name="testH_nao_deve_criar_funcionario_com_quantidade_de_digitos_a_mais_no_cpf" time="0"/>
  <testcase classname="br.com.contmatic.empresa.empresa.FuncionarioTest" name="testL_nao_deve_criar_funcionario_com_letras_no_cpf" time="0"/>
  <testcase classname="br.com.contmatic.empresa.empresa.FuncionarioTest" name="testN_nao_deve_settar_funcionario_com_cpf_nulo" time="0.002"/>
  <testcase classname="br.com.contmatic.empresa.empresa.FuncionarioTest" name="testX_deve_criar_funcionario_com_cargo_valido" time="0"/>
  <testcase classname="br.com.contmatic.empresa.empresa.FuncionarioTest" name="testR_nao_deve_settar_funcionario_com_data_de_nascimento_nulo" time="0"/>
  <testcase classname="br.com.contmatic.empresa.empresa.FuncionarioTest" name="test_nao_deve_adicionar_um_endereco_nulo_ao_funcionario" time="0"/>
  <testcase classname="br.com.contmatic.empresa.empresa.FuncionarioTest" name="testW_deve_retornar_a_data_de_nascimento_do_funcionario" time="0"/>
  <testcase classname="br.com.contmatic.empresa.empresa.FuncionarioTest" name="testAF_nao_deve_retornar_igualdade_ao_comparar_funcionarios_com_atributos_diferentes" time="0"/>
  <testcase classname="br.com.contmatic.empresa.empresa.FuncionarioTest" name="test_deve_settar_novo_cargo_a_funcionario" time="0"/>
  <testcase classname="br.com.contmatic.empresa.empresa.FuncionarioTest" name="testV_deve_criar_funcionario_com_data_de_nascimento_maior_que_18" time="0"/>
  <testcase classname="br.com.contmatic.empresa.empresa.FuncionarioTest" name="testAA_nao_deve_criar_funcionario_com_o_cargo_contendo_numeros" time="0"/>
  <testcase classname="br.com.contmatic.empresa.empresa.FuncionarioTest" name="testAL_deve_retornar_o_tostring_contendo_todos_os_atributos_passados" time="0.002"/>
  <testcase classname="br.com.contmatic.empresa.empresa.FuncionarioTest" name="testY_nao_deve_settar_funcionario_com_o_cargo_menor_que_5_caracteres" time="0"/>
  <testcase classname="br.com.contmatic.empresa.empresa.FuncionarioTest" name="testT_nao_deve_criar_funcionario_com_data_de_nascimento_menor_que_18_por_conta_de_meses" time="0.002"/>
  <testcase classname="br.com.contmatic.empresa.empresa.FuncionarioTest" name="testAB_nao_deve_settar_funcionario_com_o_cargo_vazio" time="0.003"/>
  <testcase classname="br.com.contmatic.empresa.empresa.FuncionarioTest" name="testQ_nao_deve_criar_funcionario_com_data_de_nascimento_vazia" time="0.003"/>
  <testcase classname="br.com.contmatic.empresa.empresa.FuncionarioTest" name="testD_nao_deve_settar_funcionario_com_o_nome_vazio" time="0.001"/>
  <testcase classname="br.com.contmatic.empresa.empresa.FuncionarioTest" name="testAK_nao_deve_retornar_igualdade_no_hashcode_ao_comparar_funcionarios_diferentes" time="0.001"/>
  <testcase classname="br.com.contmatic.empresa.empresa.FuncionarioTest" name="testO_deve_criar_funcionario_com_cpf_valido" time="0"/>
  <testcase classname="br.com.contmatic.empresa.empresa.FuncionarioTest" name="testY_nao_deve_criar_funcionario_com_o_cargo_menor_que_5_caracteres" time="0.001"/>
  <testcase classname="br.com.contmatic.empresa.empresa.FuncionarioTest" name="test_nao_deve_referenciar_departamento_caso_seja_nulo" time="0"/>
  <testcase classname="br.com.contmatic.empresa.empresa.FuncionarioTest" name="testQ_nao_deve_settar_funcionario_com_data_de_nascimento_vazia" time="0"/>
  <testcase classname="br.com.contmatic.empresa.empresa.FuncionarioTest" name="test_de_retornar_endereco_do_funcionario" time="0.001"/>
  <testcase classname="br.com.contmatic.empresa.empresa.FuncionarioTest" name="testAI_deve_retornar_igualdade_ao_comparar_funcionario_com_o_mesmo_funcionario" time="0"/>
  <testcase classname="br.com.contmatic.empresa.empresa.FuncionarioTest" name="testAJ_deve_retornar_igualdade_ao_comparar_o_hashcode_do_mesmo_funcionario" time="0"/>
  <testcase classname="br.com.contmatic.empresa.empresa.FuncionarioTest" name="testA_deve_criar_um_funcionario_com_o_nome_valido" time="0.001"/>
  <testcase classname="br.com.contmatic.empresa.empresa.FuncionarioTest" name="testB_nao_deve_settar_funcionario_com_o_nome_menor_que_5_caracteres" time="0"/>
  <testcase classname="br.com.contmatic.empresa.empresa.FuncionarioTest" name="testG_nao_deve_criar_funcionario_com_numeros_invalidos_no_cpf" time="0.002"/>
  <testcase classname="br.com.contmatic.empresa.empresa.FuncionarioTest" name="testAC_nao_deve_criar_funcionario_com_o_cargo_nulo" time="0.001"/>
  <testcase classname="br.com.contmatic.empresa.empresa.FuncionarioTest" name="testE_nao_deve_settar_funcionario_com_o_nome_nulo" time="0.002"/>
  <testcase classname="br.com.contmatic.empresa.empresa.FuncionarioTest" name="testS_nao_deve_settar_funcionario_com_data_de_nascimento_menor_que_18" time="0.001"/>
  <testcase classname="br.com.contmatic.empresa.empresa.FuncionarioTest" name="testG_nao_deve_settar_funcionario_com_numeros_invalidos_no_cpf" time="0.001"/>
  <testcase classname="br.com.contmatic.empresa.empresa.FuncionarioTest" name="test_deve_adicionar_um_contato_valido_ao_funcionario" time="0"/>
  <testcase classname="br.com.contmatic.empresa.empresa.FuncionarioTest" name="testZ_nao_deve_settar_funcionario_com_o_cargo_maior_que_60_caracteres" time="0.001"/>
  <testcase classname="br.com.contmatic.empresa.empresa.FuncionarioTest" name="test_deve_retornar_contato_adicionado" time="0"/>
  <testcase classname="br.com.contmatic.empresa.empresa.FuncionarioTest" name="testAD_deve_retornar_o_cargo" time="0"/>
</testsuite>